Unable to capture context for thread 10048 in process 2984, can not generate back trace
Unable to capture context for thread 12196 in process 2984, can not generate back trace
Unable to capture context for thread 10048 in process 2984, can not generate back trace
Unable to capture context for thread 12196 in process 2984, can not generate back trace
Exception at PC 0x00007FFD0D76BB93
Printing stacktrace...

Exception at PC 0x00007FFD7F0D4008
Exception at PC 0x00007FFD7F0D4008
Exception at PC 0x00007FFD7F0D4008
Exception at PC 0x00007FFD7F0D4008
Exception at PC 0x00007FFD7F0D4008
Exception at PC 0x00007FFD7F0D4008
Exception at PC 0x00007FFD7F0D4008
Exception at PC 0x00007FFD7F0D4008
Exception at PC 0x00007FFD7F0D4008
Exception at PC 0x00007FFD7F0D4008
Exception at PC 0x00007FFD7F0D4008
Exception at PC 0x00007FFD7F0D4008
Exception at PC 0x00007FFD7F0D4008
Exception at PC 0x00007FFD7F0D4008
[0]  [0x00007FFD0D76BB93]
[1]  [0x00007FFD0D76BB93]
[2]  [0x00007FFD0D76B4A1]
[3]  [0x00007FFD0D76B3EF]
[4]  [0x00007FFD0D7519FE]
[5]  [0x00007FFD0D750ED1]
[6]  [0x00007FFD0D750D76]
[7]  [0x00007FFD0D6F79F6]
[8]  [0x00007FFD0D6E7AFB]
[9]  [0x00007FFD0D80E90A]
[10]  [0x00007FFD0D829F87]
[11]  [0x00007FFD0D82A05F]
[12] (BaseThreadInitThunk+0x14) [0x00007FFD7FD91FE4]
[13] (RtlUserThreadStart+0x21) [0x00007FFD8216EFC1]
Done
Exception at PC 0x00007FFD7F0D4008
Exception at PC 0x00007FFD7F0D4008
Exception at PC 0x00007FFD7F0D4008
Exception at PC 0x00007FFD7F0D4008
