Unable to capture context for thread 6796 in process 12644, can not generate back trace
Unable to capture context for thread 4392 in process 12644, can not generate back trace
Exception at PC 0x00007FFAE55E3FB8
Unable to capture context for thread 4392 in process 12644, can not generate back trace
Exception at PC 0x00007FFA77F9BB93
Printing stacktrace...

Exception at PC 0x00007FFAE55E3FB8
Exception at PC 0x00007FFAE55E3FB8
Exception at PC 0x00007FFAE55E3FB8
Exception at PC 0x00007FFAE55E3FB8
Exception at PC 0x00007FFAE55E3FB8
Exception at PC 0x00007FFAE55E3FB8
Exception at PC 0x00007FFAE55E3FB8
Exception at PC 0x00007FFAE55E3FB8
Exception at PC 0x00007FFAE55E3FB8
Exception at PC 0x00007FFAE55E3FB8
Exception at PC 0x00007FFAE55E3FB8
Exception at PC 0x00007FFAE55E3FB8
Exception at PC 0x00007FFAE55E3FB8
Exception at PC 0x00007FFAE55E3FB8
Exception at PC 0x00007FFAE55E3FB8
Exception at PC 0x00007FFAE55E3FB8
Exception at PC 0x00007FFAE55E3FB8
[0]  [0x00007FFA77F9BB93]
[1]  [0x00007FFA77F9BB93]
[2]  [0x00007FFA77F9B4A1]
[3]  [0x00007FFA77F9B3EF]
[4]  [0x00007FFA77F819FE]
[5]  [0x00007FFA77F80ED1]
[6]  [0x00007FFA77F80D76]
[7]  [0x00007FFA77F279F6]
[8]  [0x00007FFA77F17AFB]
[9]  [0x00007FFA7803E90A]
[10]  [0x00007FFA78059F87]
[11]  [0x00007FFA7805A05F]
[12] (BaseThreadInitThunk+0x14) [0x00007FFAE6D01FE4]
[13] (RtlUserThreadStart+0x21) [0x00007FFAE87EEF91]
Done
